error[E0080]: could not evaluate static initializer
 --> tests/bad/include_floats/f32_data12.rs:6:27
  |
6 | static BYTES_12: &[f64] = include_f64!("../../test_data/binary_12");
  |                           ^^^^^^^^^^^^^^^^^^^^^^^^^^^^^^^^^^^^^^^^^ the evaluated program panicked at 'Included file size is not divisible by int size', $DIR/tests/bad/include_floats/f32_data12.rs:6:27
  |
  = note: this error originates in the macro `$crate::panic::panic_2021` which comes from the expansion of the macro `include_f64` (in Nightly builds, run with -Z macro-backtrace for more info)
